<?xml version="1.0" encoding="UTF-8"?>
<config>
    <accessLimitsBuilders>
        <builder id="allow-all">
            <beanName>allowAllAccessLimitsBuilder</beanName>
        </builder>
    </accessLimitsBuilders>
    <rules>
        <!-- read / write rights on cite:Buildings -->
        <rule>
            <workspace>cite</workspace>
            <layer>Buildings</layer>
            <accessLimitsBuilder>allow-all</accessLimitsBuilder>
        </rule>
        <!-- read / write rights on all layers in wcs workspace -->
        <rule>
            <workspace>wcs</workspace>
            <layer>*</layer>
            <accessLimitsBuilder>allow-all</accessLimitsBuilder>
        </rule>
    </rules>
    <defaultAccessLimitsBuilder>
        <beanName>denyAllAccessLimitsBuilder</beanName>
    </defaultAccessLimitsBuilder>
    <catalogMode>CHALLENGE</catalogMode>
</config>
