<?xml version="1.0" encoding="UTF-8"?>
<config>
    <accessLimitsBuilders>
        <builder id="test-builder">
            <beanName>testAccessLimitsBuilder</beanName>
            <options>
                <option name="cql_filter_template">FID IN ({0})</option>
                <option name="raster_mask_layer">test:raster_filter_tazbm</option>
                <option name="raster_mask_filter_template">permission IN ({0})</option>
            </options>
        </builder>
        <builder id="allow-all">
            <beanName>allowAllAccessLimitsBuilder</beanName>
        </builder>
    </accessLimitsBuilders>
    <rules>
        <rule>
            <workspace>cite</workspace>
            <layer>RoadSegments</layer>
            <accessLimitsBuilder>test-builder</accessLimitsBuilder>
        </rule>
        <rule>
            <workspace>test</workspace>
            <layer>raster_filter_tazbm</layer>
            <accessLimitsBuilder>allow-all</accessLimitsBuilder>
        </rule>
        <rule>
            <workspace>wcs</workspace>
            <layer>BlueMarble</layer>
            <accessLimitsBuilder>test-builder</accessLimitsBuilder>
        </rule>
    </rules>
    <defaultAccessLimitsBuilder>
        <beanName>denyAllAccessLimitsBuilder</beanName>
    </defaultAccessLimitsBuilder>
</config>
